[2026-06-29 10:51:47] [INFO] 尝试自动选择网络接口...
[2026-06-29 10:51:47] [INFO]   尝试 intranet...
[2026-06-29 10:51:47] [INFO]   ✓ 成功连接到 intranet: http://192.168.0.6/sms/index.php
[2026-06-29 10:51:47] [INFO] 开始登入...
[2026-06-29 10:51:47] [INFO]   用户: schhs334
[2026-06-29 10:51:47] [INFO] 1️⃣  获取登入页面...
[2026-06-29 10:51:47] [INFO] ✓ 页面已获取
[2026-06-29 10:51:47] [INFO] 2️⃣  提交登入凭证...
[2026-06-29 10:51:47] [INFO] ✓ 登入成功
[2026-06-29 10:51:47] [INFO]   当前 URL: http://192.168.0.6/sms/index.php?r=site/index
[2026-06-29 10:51:47] [INFO] 3️⃣  提取班级列表...
[2026-06-29 10:51:48] [WARN]   未找到指定 ID 的 select，尝试备用选择器...
[2026-06-29 10:51:48] [INFO] ✓ 提取了 2439 个班级
[2026-06-29 10:51:48] [INFO] ✓ 班级列表已获取 (2439 个班级)
[2026-06-29 10:51:48] [INFO] ======================================================================
[2026-06-29 10:51:48] [INFO] 开始批量获取所有班级的学生名单
[2026-06-29 10:51:48] [INFO] ======================================================================
[2026-06-29 10:51:48] [INFO] [1/2439] 处理班级: PE CMO69 - 比赛 - 2018年学联足球县赛 (ID: 22)
[2026-06-29 10:51:48] [INFO]   ✓ 获得 1000 名学生
[2026-06-29 10:51:49] [INFO] [2/2439] 处理班级: ACA CMO5 - 比赛-“光启杯”华文诗歌朗诵比赛 (ID: 23)
[2026-06-29 10:51:50] [INFO]   ✓ 获得 1000 名学生
[2026-06-29 10:51:50] [INFO] [3/2439] 处理班级: CCD PO2 - 表演-CNY Event AEON MALL S2 (ID: 24)
[2026-06-29 10:51:51] [INFO]   ✓ 获得 1000 名学生
[2026-06-29 10:51:51] [INFO] [4/2439] 处理班级: CCD PO3 - 表演-年初五董事家新春团拜 (ID: 25)
[2026-06-29 10:51:52] [INFO]   ✓ 获得 1000 名学生
[2026-06-29 10:51:52] [INFO] [5/2439] 处理班级: CCD PO4 - 表演-Jementah灯会 (ID: 26)
[2026-06-29 10:51:53] [INFO]   ✓ 获得 1000 名学生
[2026-06-29 10:51:54] [INFO] [6/2439] 处理班级: CCD PO5 - 表演-新春活动“祥狮献瑞迎丰年” (ID: 27)
[2026-06-29 10:51:54] [INFO]   ✓ 获得 1000 名学生
[2026-06-29 10:51:55] [INFO] [7/2439] 处理班级: CCD PO6 - 表演-Majlis Terbuka Semperna Tahun Baru Cina 2020 (ID: 28)
[2026-06-29 10:51:55] [INFO]   ✓ 获得 1000 名学生
[2026-06-29 10:51:56] [INFO] [8/2439] 处理班级: CCD PO7 - 表演-庚子年新春大团拜 (ID: 29)
[2026-06-29 10:51:57] [INFO]   ✓ 获得 1000 名学生
[2026-06-29 10:51:57] [INFO] [9/2439] 处理班级: CCD CMO1 - 比赛-第二届东海杯华语辩论邀请赛 (ID: 30)
[2026-06-29 10:51:58] [INFO]   ✓ 获得 1000 名学生
[2026-06-29 10:51:58] [INFO] [10/2439] 处理班级: CCD CMO94 - 比赛-2021本土文化摄影比赛 (ID: 31)
[2026-06-29 10:51:59] [INFO]   ✓ 获得 1000 名学生
[2026-06-29 10:51:59] [INFO] [11/2439] 处理班级: CCD EAO1 - 考试-2020年童军徽章考核 (ID: 32)
[2026-06-29 10:52:00] [INFO]   ✓ 获得 1000 名学生
[2026-06-29 10:52:01] [INFO] [12/2439] 处理班级: CCD EAO2 - 培训-Bengkel Latihan Pertandingan Pertolongan Cemas (ID: 33)
[2026-06-29 10:52:01] [INFO]   ✓ 获得 1000 名学生
[2026-06-29 10:52:02] [INFO] [13/2439] 处理班级: CCD EAO3 - 考试-2020年柔道社升带考试 (ID: 34)
[2026-06-29 10:52:02] [INFO]   ✓ 获得 1000 名学生
[2026-06-29 10:52:03] [INFO] [14/2439] 处理班级: CCD CMO3 - 比赛-第九届全国华族舞蹈公开赛 (ID: 35)
[2026-06-29 10:52:04] [INFO]   ✓ 获得 1000 名学生
