✓ 连接到 intranet: http://192.168.0.6/sms/index.php
登入中...
✓ 登入成功

开始获取学生...
找到 71 个班级: ['701', '693', '696', '700', '704', '695', '699', '703', '694', '697']...
[1/71] 获取班级 ID 701 的学生...
  ✓ 获得 1000 名学生
[2/71] 获取班级 ID 693 的学生...
  ✓ 获得 1000 名学生
[3/71] 获取班级 ID 696 的学生...
  ✓ 获得 1000 名学生
[4/71] 获取班级 ID 700 的学生...
  ✓ 获得 1000 名学生
[5/71] 获取班级 ID 704 的学生...
  ✓ 获得 1000 名学生
[6/71] 获取班级 ID 695 的学生...
  ✓ 获得 1000 名学生
[7/71] 获取班级 ID 699 的学生...
  ✓ 获得 1000 名学生
[8/71] 获取班级 ID 703 的学生...
  ✓ 获得 1000 名学生
[9/71] 获取班级 ID 694 的学生...
  ✓ 获得 1000 名学生
[10/71] 获取班级 ID 697 的学生...
  ✓ 获得 1000 名学生
[11/71] 获取班级 ID 691 的学生...
  ✓ 获得 1000 名学生
[12/71] 获取班级 ID 714 的学生...
  ✓ 获得 1000 名学生
[13/71] 获取班级 ID 706 的学生...
  ✓ 获得 1000 名学生
[14/71] 获取班级 ID 709 的学生...
  ✓ 获得 1000 名学生
[15/71] 获取班级 ID 713 的学生...
  ✓ 获得 1000 名学生
[16/71] 获取班级 ID 705 的学生...
  ✓ 获得 1000 名学生
[17/71] 获取班级 ID 708 的学生...
  ✓ 获得 1000 名学生
[18/71] 获取班级 ID 712 的学生...
  ✓ 获得 1000 名学生
[19/71] 获取班级 ID 715 的学生...
  ✓ 获得 1000 名学生
[20/71] 获取班级 ID 707 的学生...
  ✓ 获得 1000 名学生
[21/71] 获取班级 ID 711 的学生...
  ✓ 获得 1000 名学生
[22/71] 获取班级 ID 762 的学生...
  ✓ 获得 1000 名学生
[23/71] 获取班级 ID 763 的学生...
  ✓ 获得 1000 名学生
[24/71] 获取班级 ID 710 的学生...
  ✓ 获得 1000 名学生
[25/71] 获取班级 ID 692 的学生...
  ✓ 获得 1000 名学生
[26/71] 获取班级 ID 723 的学生...
  ✓ 获得 1000 名学生
[27/71] 获取班级 ID 726 的学生...
  ✓ 获得 1000 名学生
[28/71] 获取班级 ID 718 的学生...
  ✓ 获得 1000 名学生
[29/71] 获取班级 ID 722 的学生...
  ✓ 获得 1000 名学生
[30/71] 获取班级 ID 725 的学生...
  ✓ 获得 1000 名学生
[31/71] 获取班级 ID 717 的学生...
  ✓ 获得 1000 名学生
[32/71] 获取班级 ID 721 的学生...
  ✓ 获得 1000 名学生
[33/71] 获取班级 ID 724 的学生...
  ✓ 获得 1000 名学生
[34/71] 获取班级 ID 716 的学生...
  ✓ 获得 1000 名学生
[35/71] 获取班级 ID 720 的学生...
  ✓ 获得 1000 名学生
[36/71] 获取班级 ID 719 的学生...
  ✓ 获得 1000 名学生
[37/71] 获取班级 ID 727 的学生...
  ✓ 获得 1000 名学生
[38/71] 获取班级 ID 738 的学生...
  ✓ 获得 1000 名学生
[39/71] 获取班级 ID 730 的学生...
  ✓ 获得 1000 名学生
[40/71] 获取班级 ID 733 的学生...
  ✓ 获得 1000 名学生
[41/71] 获取班级 ID 737 的学生...
  ✓ 获得 1000 名学生
[42/71] 获取班级 ID 729 的学生...
  ✓ 获得 1000 名学生
[43/71] 获取班级 ID 732 的学生...
  ✓ 获得 1000 名学生
[44/71] 获取班级 ID 736 的学生...
  ✓ 获得 1000 名学生
[45/71] 获取班级 ID 731 的学生...
  ✓ 获得 1000 名学生
[46/71] 获取班级 ID 734 的学生...
  ✓ 获得 1000 名学生
[47/71] 获取班级 ID 739 的学生...
  ✓ 获得 1000 名学生
[48/71] 获取班级 ID 735 的学生...
  ✓ 获得 1000 名学生
[49/71] 获取班级 ID 728 的学生...
  ✓ 获得 1000 名学生
[50/71] 获取班级 ID 747 的学生...
  ✓ 获得 1000 名学生
[51/71] 获取班级 ID 750 的学生...
  ✓ 获得 1000 名学生
[52/71] 获取班级 ID 742 的学生...
  ✓ 获得 1000 名学生
[53/71] 获取班级 ID 746 的学生...
  ✓ 获得 1000 名学生
[54/71] 获取班级 ID 749 的学生...
  ✓ 获得 1000 名学生
[55/71] 获取班级 ID 741 的学生...
  ✓ 获得 1000 名学生
[56/71] 获取班级 ID 740 的学生...
  ✓ 获得 1000 名学生
[57/71] 获取班级 ID 743 的学生...
  ✓ 获得 1000 名学生
[58/71] 获取班级 ID 748 的学生...
  ✓ 获得 1000 名学生
[59/71] 获取班级 ID 744 的学生...
  ✓ 获得 1000 名学生
[60/71] 获取班级 ID 745 的学生...
  ✓ 获得 1000 名学生
[61/71] 获取班级 ID 761 的学生...
  ✓ 获得 1000 名学生
[62/71] 获取班级 ID 752 的学生...
  ✓ 获得 1000 名学生
[63/71] 获取班级 ID 755 的学生...
  ✓ 获得 1000 名学生
[64/71] 获取班级 ID 758 的学生...
  ✓ 获得 1000 名学生
[65/71] 获取班级 ID 751 的学生...
  ✓ 获得 1000 名学生
[66/71] 获取班级 ID 754 的学生...
  ✓ 获得 1000 名学生
[67/71] 获取班级 ID 757 的学生...
  ✓ 获得 1000 名学生
[68/71] 获取班级 ID 756 的学生...
  ✓ 获得 1000 名学生
[69/71] 获取班级 ID 759 的学生...
  ✓ 获得 1000 名学生
[70/71] 获取班级 ID 753 的学生...
  ✓ 获得 1000 名学生
[71/71] 获取班级 ID 760 的学生...
  ✓ 获得 1000 名学生
✓ 保存 JSON: C:\chhsban-acadoc\download_student\students_20260629_122449.json
✓ 保存 CSV: C:\chhsban-acadoc\download_student\students_20260629_122449.csv

统计:
  班级数: 32
  学生总数: 71000
    A3A: 568 名学生
    AC1A: 1207 名学生
    AC2A: 3550 名学生
    C1A: 1846 名学生
    C1B: 1207 名学生
    C1C: 781 名学生
    C1D: 710 名学生
    C1E: 852 名学生
    C1F: 923 名学生
    C2A: 3692 名学生
    ... 等共 32 个班级
