[2026-06-29 10:08:39] [INFO] 尝试连接 局域网 (192.168.0.6)...
[2026-06-29 10:08:39] [INFO] ✓ 成功连接到 局域网 (192.168.0.6)
[2026-06-29 10:08:39] [INFO] 登入尝试 1/3...
[2026-06-29 10:08:39] [INFO]   URL: http://192.168.0.6/sms/index.php
[2026-06-29 10:08:39] [INFO]   用户名: schhs334
[2026-06-29 10:08:39] [INFO]   1️⃣  获取登入页面...
[2026-06-29 10:08:39] [INFO]   ✓ 页面已获取
[2026-06-29 10:08:39] [INFO]   2️⃣  提交登入凭证...
[2026-06-29 10:08:39] [INFO] ✓ 登入成功！
[2026-06-29 10:08:39] [INFO]   当前 URL: http://192.168.0.6/sms/index.php?r=site/index
[2026-06-29 10:08:40] [INFO] ======================================================================
[2026-06-29 10:08:40] [INFO] 开始下载全校学生资料
[2026-06-29 10:08:40] [INFO] 使用网络: 局域网 (192.168.0.6)
[2026-06-29 10:08:40] [INFO] ======================================================================
[2026-06-29 10:08:40] [INFO] 获取有效班级信息...
[2026-06-29 10:08:40] [INFO]   访问页面: http://192.168.0.6/sms/index.php?r=transaction/studentPerformance/create
[2026-06-29 10:08:41] [INFO]   找到 3 个 select 元素
[2026-06-29 10:08:41] [INFO]   ✓ 在第 1 个 select 中找到 2439 个班级
[2026-06-29 10:08:41] [INFO] ✓ 找到 2439 个有效班级
[2026-06-29 10:08:41] [INFO]     22: PE CMO69 - 比赛 - 2018年学联足球县赛
[2026-06-29 10:08:41] [INFO]     23: ACA CMO5 - 比赛-“光启杯”华文诗歌朗诵比赛
[2026-06-29 10:08:41] [INFO]     24: CCD PO2 - 表演-CNY Event AEON MALL S2
[2026-06-29 10:08:41] [INFO]     25: CCD PO3 - 表演-年初五董事家新春团拜
[2026-06-29 10:08:41] [INFO]     26: CCD PO4 - 表演-Jementah灯会
[2026-06-29 10:08:41] [INFO]     ... 等共 2439 个班级
[2026-06-29 10:08:41] [INFO] [1/2439] 正在下载班级...
[2026-06-29 10:08:41] [INFO]   班级 PE CMO69 - 比赛 - 2018年学联足球县赛 (22): 找到 1000 个学生
[2026-06-29 10:08:42] [INFO] [2/2439] 正在下载班级...
[2026-06-29 10:08:42] [INFO]   班级 ACA CMO5 - 比赛-“光启杯”华文诗歌朗诵比赛 (23): 找到 1000 个学生
[2026-06-29 10:08:43] [INFO] [3/2439] 正在下载班级...
[2026-06-29 10:08:44] [INFO]   班级 CCD PO2 - 表演-CNY Event AEON MALL S2 (24): 找到 1000 个学生
[2026-06-29 10:08:44] [INFO] [4/2439] 正在下载班级...
[2026-06-29 10:08:45] [INFO]   班级 CCD PO3 - 表演-年初五董事家新春团拜 (25): 找到 1000 个学生
[2026-06-29 10:08:45] [INFO] [5/2439] 正在下载班级...
[2026-06-29 10:08:46] [INFO]   班级 CCD PO4 - 表演-Jementah灯会 (26): 找到 1000 个学生
[2026-06-29 10:08:46] [INFO] [6/2439] 正在下载班级...
[2026-06-29 10:08:47] [INFO]   班级 CCD PO5 - 表演-新春活动“祥狮献瑞迎丰年” (27): 找到 1000 个学生
[2026-06-29 10:08:48] [INFO] [7/2439] 正在下载班级...
[2026-06-29 10:08:48] [INFO]   班级 CCD PO6 - 表演-Majlis Terbuka Semperna Tahun Baru Cina 2020 (28): 找到 1000 个学生
[2026-06-29 10:08:49] [INFO] [8/2439] 正在下载班级...
[2026-06-29 10:08:49] [INFO]   班级 CCD PO7 - 表演-庚子年新春大团拜 (29): 找到 1000 个学生
[2026-06-29 10:08:50] [INFO] [9/2439] 正在下载班级...
[2026-06-29 10:08:51] [INFO]   班级 CCD CMO1 - 比赛-第二届东海杯华语辩论邀请赛 (30): 找到 1000 个学生
[2026-06-29 10:08:51] [INFO] [10/2439] 正在下载班级...
[2026-06-29 10:08:52] [INFO]   班级 CCD CMO94 - 比赛-2021本土文化摄影比赛 (31): 找到 1000 个学生
[2026-06-29 10:08:52] [INFO] [11/2439] 正在下载班级...
[2026-06-29 10:08:53] [INFO]   班级 CCD EAO1 - 考试-2020年童军徽章考核 (32): 找到 1000 个学生
[2026-06-29 10:08:53] [INFO] [12/2439] 正在下载班级...
[2026-06-29 10:08:54] [INFO]   班级 CCD EAO2 - 培训-Bengkel Latihan Pertandingan Pertolongan Cemas (33): 找到 1000 个学生
[2026-06-29 10:08:55] [INFO] [13/2439] 正在下载班级...
[2026-06-29 10:08:55] [INFO]   班级 CCD EAO3 - 考试-2020年柔道社升带考试 (34): 找到 1000 个学生
[2026-06-29 10:08:56] [INFO] [14/2439] 正在下载班级...
[2026-06-29 10:08:56] [INFO]   班级 CCD CMO3 - 比赛-第九届全国华族舞蹈公开赛 (35): 找到 1000 个学生
[2026-06-29 10:08:57] [INFO] [15/2439] 正在下载班级...
[2026-06-29 10:08:57] [INFO]   班级 CCD CMO28 - 比赛-第30届全国华人舞蹈节暨第19届全国华校校际舞蹈观摩赛 (36): 找到 1000 个学生
[2026-06-29 10:08:58] [INFO] [16/2439] 正在下载班级...
[2026-06-29 10:08:59] [INFO]   班级 PE CMO45 - 比赛-2018年学联乒乓（县赛） (37): 找到 1000 个学生
[2026-06-29 10:08:59] [INFO] [17/2439] 正在下载班级...
[2026-06-29 10:09:00] [INFO]   班级 PE CMO53 - 比赛-Kejohanan Wushu 'Cari Bakat' Sekolah-Sekolah N.S. Kali Ke-7, 2018 (38): 找到 1000 个学生
[2026-06-29 10:09:00] [INFO] [18/2439] 正在下载班级...
[2026-06-29 10:09:01] [INFO]   班级 CCD CMO5 - 比赛-汪旺年《海陆文化杯》挥春比赛 (39): 找到 1000 个学生
[2026-06-29 10:09:01] [INFO] [19/2439] 正在下载班级...
[2026-06-29 10:09:02] [INFO]   班级 CCD CMO6 - 比赛-森州武术龙狮总会2018年拿督黄国强杯传统南狮赛 (40): 找到 1000 个学生
[2026-06-29 10:09:03] [INFO] [20/2439] 正在下载班级...
[2026-06-29 10:09:03] [INFO]   班级 CCD CMO30 - 比赛-WER 2018 Malaysia Open (41): 找到 1000 个学生
[2026-06-29 10:09:04] [INFO] [21/2439] 正在下载班级...
[2026-06-29 10:09:04] [INFO]   班级 CCD CMO7 - 比赛-2018年廿四节令鼓区域精英赛（森柔甲） (42): 找到 1000 个学生
[2026-06-29 10:09:05] [INFO] [22/2439] 正在下载班级...
[2026-06-29 10:09:06] [INFO]   班级 CCD CMO31 - 比赛-2018年第5届马来西亚廿四节令鼓精英赛 (43): 找到 1000 个学生
[2026-06-29 10:09:06] [INFO] [23/2439] 正在下载班级...
[2026-06-29 10:09:07] [INFO]   班级 PE CMO52 - 比赛-Mini Kejohanan Bola Tampar Putrajaya 2018 (44): 找到 1000 个学生
[2026-06-29 10:09:07] [INFO] [24/2439] 正在下载班级...
[2026-06-29 10:09:08] [INFO]   班级 CCD CMO9 - 第五十六届振中男女童军营火会 (45): 找到 1000 个学生
[2026-06-29 10:09:09] [INFO] [25/2439] 正在下载班级...
[2026-06-29 10:09:09] [INFO]   班级 CCD CMO10 - 比赛-2018年第8届教育部全国学联武术锦标赛 (46): 找到 1000 个学生
[2026-06-29 10:09:10] [INFO] [26/2439] 正在下载班级...
[2026-06-29 10:09:10] [INFO]   班级 CCD CMO11 - 比赛-2018年第3届全国华文独中中华民族舞蹈观摩赛 (47): 找到 1000 个学生
[2026-06-29 10:09:11] [INFO] [27/2439] 正在下载班级...
[2026-06-29 10:09:12] [INFO]   班级 PE CMO59 - 比赛-第12届2018年全国华文独中田径锦标赛 (48): 找到 1000 个学生
[2026-06-29 10:09:12] [INFO] [28/2439] 正在下载班级...
[2026-06-29 10:09:13] [INFO]   班级 PE CMO63 - 比赛-2018年度全森15岁或以下青少年男女篮球选拔赛 (49): 找到 1000 个学生
[2026-06-29 10:09:13] [INFO] [29/2439] 正在下载班级...
[2026-06-29 10:09:14] [INFO]   班级 CCD CMO34 - 比赛-2018 福州中学生象棋锦标赛 (50): 找到 1000 个学生
[2026-06-29 10:09:14] [INFO] [30/2439] 正在下载班级...
[2026-06-29 10:09:15] [INFO]   班级 PE CMO54 - 比赛-2018年第13届全森校际武术锦标赛暨少儿武术比赛 (51): 找到 1000 个学生
[2026-06-29 10:09:15] [INFO] [31/2439] 正在下载班级...
[2026-06-29 10:09:16] [INFO]   班级 CCD CMO36 - 空白 (52): 找到 1000 个学生
[2026-06-29 10:09:17] [INFO] [32/2439] 正在下载班级...
[2026-06-29 10:09:17] [INFO]   班级 PE CMO68 - 比赛-AirAsia-BAM Kejohanan Liga Remaja Kebangsaan (Peringkat Negeri)2018 - Badminton (53): 找到 1000 个学生
[2026-06-29 10:09:18] [INFO] [33/2439] 正在下载班级...
[2026-06-29 10:09:18] [INFO]   班级 PE CMO51 - 比赛-2018年学联排球（州赛） (54): 找到 1000 个学生
[2026-06-29 10:09:19] [INFO] [34/2439] 正在下载班级...
[2026-06-29 10:09:20] [INFO]   班级 CCD CMO39 - 比赛-2018年芙蓉分会男女18岁以下篮球选拔赛 (55): 找到 1000 个学生
[2026-06-29 10:09:20] [INFO] [35/2439] 正在下载班级...
[2026-06-29 10:09:21] [INFO]   班级 CCD CMO12 - 比赛-马来西亚（亚洲）“崇YOUNG”戏剧比赛 (56): 找到 1000 个学生
[2026-06-29 10:09:21] [INFO] [36/2439] 正在下载班级...
[2026-06-29 10:09:22] [INFO]   班级 PE CMO65 - 比赛-2018年森美兰芙蓉县U17以下篮球选拔赛 (57): 找到 1000 个学生
[2026-06-29 10:09:22] [INFO] [37/2439] 正在下载班级...
[2026-06-29 10:09:23] [INFO]   班级 PE CMO55 - 比赛-2018年学联游泳&水球州赛 (58): 找到 1000 个学生
[2026-06-29 10:09:24] [INFO] [38/2439] 正在下载班级...
[2026-06-29 10:09:24] [INFO]   班级 PE CMO66 - 比赛-2018年学联羽球县赛 (59): 找到 1000 个学生
[2026-06-29 10:09:25] [INFO] [39/2439] 正在下载班级...
[2026-06-29 10:09:25] [INFO]   班级 PE CMO60 - 比赛-2018年学联篮球县赛 (60): 找到 1000 个学生
[2026-06-29 10:09:26] [INFO] [40/2439] 正在下载班级...
[2026-06-29 10:09:27] [INFO]   班级 PE CMO61 - 比赛-2018年学联篮球州赛 (61): 找到 1000 个学生
[2026-06-29 10:09:27] [INFO] [41/2439] 正在下载班级...
[2026-06-29 10:09:28] [INFO]   班级 PE CMO48 - 比赛-2018年学联壁球（州赛） (62): 找到 1000 个学生
[2026-06-29 10:09:28] [INFO] [42/2439] 正在下载班级...
[2026-06-29 10:09:29] [INFO]   班级 PE CMO67 - 比赛-2018年学联羽球州赛 (63): 找到 1000 个学生
[2026-06-29 10:09:29] [INFO] [43/2439] 正在下载班级...
[2026-06-29 10:09:30] [INFO]   班级 PE CMO46 - 比赛-2018年学联乒乓（州赛） (64): 找到 1000 个学生
[2026-06-29 10:09:31] [INFO] [44/2439] 正在下载班级...
[2026-06-29 10:09:31] [INFO]   班级 PE CMO57 - 比赛-2018年学联田径县赛 (65): 找到 1000 个学生
[2026-06-29 10:09:32] [INFO] [45/2439] 正在下载班级...
[2026-06-29 10:09:32] [INFO]   班级 PE CMO56 - 比赛-2018年全国学联游泳&水球赛 (66): 找到 1000 个学生
