[2026-06-29 12:21:13] [INFO] 尝试自动选择网络接口...
[2026-06-29 12:21:13] [INFO]   尝试 intranet...
[2026-06-29 12:21:13] [INFO]   ✓ 成功连接到 intranet: http://192.168.0.6/sms/index.php
[2026-06-29 12:21:13] [INFO] 开始登入...
[2026-06-29 12:21:13] [INFO]   用户: schhs334
[2026-06-29 12:21:13] [INFO] 1️⃣  获取登入页面...
[2026-06-29 12:21:13] [INFO] ✓ 页面已获取
[2026-06-29 12:21:13] [INFO] 2️⃣  提交登入凭证...
[2026-06-29 12:21:13] [INFO] ✓ 登入成功
[2026-06-29 12:21:13] [INFO]   当前 URL: http://192.168.0.6/sms/index.php?r=site/index
[2026-06-29 12:21:13] [INFO] 3️⃣  从 option 提取班级列表...
[2026-06-29 12:21:13] [INFO]   页面中共有 3 个 select 元素
[2026-06-29 12:21:13] [INFO]     select#0 (name=StudentPerformanceM[item_id], id=StudentPerformanceM_item_id): 2440 个 option，其中 2439 个有 value
[2026-06-29 12:21:13] [WARN]       ➜ 这是项目 SELECT
[2026-06-29 12:21:13] [INFO]     select#1 (name=class_id, id=class_id): 71 个 option，其中 71 个有 value
[2026-06-29 12:21:13] [WARN]       ➜ 这是班级 SELECT
[2026-06-29 12:21:13] [INFO]     select#2 (name=club_id, id=club_id): 64 个 option，其中 64 个有 value
[2026-06-29 12:21:13] [WARN]       ➜ 这是班级 SELECT
[2026-06-29 12:21:13] [INFO] ✓ 找到班级 SELECT
[2026-06-29 12:21:13] [INFO] ✓ 从班级 SELECT 提取了 64 个班级
[2026-06-29 12:21:13] [INFO]     53: 乒乓校队
[2026-06-29 12:21:13] [INFO]     31: 乒乓社
[2026-06-29 12:21:13] [INFO]     48: 体协会
[2026-06-29 12:21:13] [INFO]     4: 华乐团
[2026-06-29 12:21:13] [INFO]     12: 华文学会
[2026-06-29 12:21:13] [INFO]     ... 等共 64 个班级
[2026-06-29 12:21:13] [INFO] ✓ 班级列表已获取 (64 个班级)
[2026-06-29 12:21:13] [INFO] ======================================================================
[2026-06-29 12:21:13] [INFO] 开始批量获取所有班级的学生名单
[2026-06-29 12:21:13] [INFO] ======================================================================
[2026-06-29 12:21:13] [INFO] [1/64] 处理班级: 乒乓校队 (ID: 53)
[2026-06-29 12:21:14] [WARN]   ✗ 无学生数据
[2026-06-29 12:21:15] [INFO] [2/64] 处理班级: 乒乓社 (ID: 31)
[2026-06-29 12:21:15] [WARN]   ✗ 无学生数据
[2026-06-29 12:21:16] [INFO] [3/64] 处理班级: 体协会 (ID: 48)
[2026-06-29 12:21:16] [WARN]   ✗ 无学生数据
[2026-06-29 12:21:17] [INFO] [4/64] 处理班级: 华乐团 (ID: 4)
[2026-06-29 12:21:18] [WARN]   ✗ 无学生数据
[2026-06-29 12:21:18] [INFO] [5/64] 处理班级: 华文学会 (ID: 12)
[2026-06-29 12:21:19] [WARN]   ✗ 无学生数据
[2026-06-29 12:21:19] [INFO] [6/64] 处理班级: 厨艺社 (ID: 21)
[2026-06-29 12:21:20] [WARN]   ✗ 无学生数据
[2026-06-29 12:21:20] [INFO] [7/64] 处理班级: 史地学会 (ID: 17)
[2026-06-29 12:21:21] [WARN]   ✗ 无学生数据
[2026-06-29 12:21:22] [INFO] [8/64] 处理班级: 吉他社 (ID: 11)
[2026-06-29 12:21:22] [WARN]   ✗ 无学生数据
[2026-06-29 12:21:23] [INFO] [9/64] 处理班级: 商学会 (ID: 18)
[2026-06-29 12:21:23] [WARN]   ✗ 无学生数据
[2026-06-29 12:21:24] [INFO] [10/64] 处理班级: 园艺学会 (ID: 41)
[2026-06-29 12:21:25] [WARN]   ✗ 无学生数据
[2026-06-29 12:21:25] [INFO] [11/64] 处理班级: 国文学会 (ID: 13)
[2026-06-29 12:21:26] [WARN]   ✗ 无学生数据
[2026-06-29 12:21:26] [INFO] [12/64] 处理班级: 图书馆服务团 (ID: 25)
[2026-06-29 12:21:27] [WARN]   ✗ 无学生数据
[2026-06-29 12:21:27] [INFO] [13/64] 处理班级: 圣约翰救伤队 (ID: 2)
[2026-06-29 12:21:28] [WARN]   ✗ 无学生数据
[2026-06-29 12:21:28] [INFO] [14/64] 处理班级: 壁球校队 (ID: 58)
[2026-06-29 12:21:29] [WARN]   ✗ 无学生数据
[2026-06-29 12:21:30] [INFO] [15/64] 处理班级: 壁球社 (ID: 34)
[2026-06-29 12:21:30] [WARN]   ✗ 无学生数据
[2026-06-29 12:21:31] [INFO] [16/64] 处理班级: 大众传播社 (ID: 44)
[2026-06-29 12:21:31] [WARN]   ✗ 无学生数据
[2026-06-29 12:21:32] [INFO] [17/64] 处理班级: 天文学会 (ID: 42)
[2026-06-29 12:21:33] [WARN]   ✗ 无学生数据
[2026-06-29 12:21:33] [INFO] [18/64] 处理班级: 学联会 (ID: 65)
[2026-06-29 12:21:34] [WARN]   ✗ 无学生数据
[2026-06-29 12:21:34] [INFO] [19/64] 处理班级: 学长团 (ID: 46)
[2026-06-29 12:21:35] [WARN]   ✗ 无学生数据
[2026-06-29 12:21:35] [INFO] [20/64] 处理班级: 廿四节令鼓队 (ID: 3)
[2026-06-29 12:21:36] [WARN]   ✗ 无学生数据
[2026-06-29 12:21:37] [INFO] [21/64] 处理班级: 弈棋学会 (ID: 40)
[2026-06-29 12:21:37] [WARN]   ✗ 无学生数据
[2026-06-29 12:21:38] [INFO] [22/64] 处理班级: 影音技术社 (ID: 27)
[2026-06-29 12:21:38] [WARN]   ✗ 无学生数据
[2026-06-29 12:21:39] [INFO] [23/64] 处理班级: 戏剧学会 (ID: 8)
[2026-06-29 12:21:39] [WARN]   ✗ 无学生数据
[2026-06-29 12:21:40] [INFO] [24/64] 处理班级: 扯铃学会 (ID: 9)
[2026-06-29 12:21:41] [WARN]   ✗ 无学生数据
[2026-06-29 12:21:41] [INFO] [25/64] 处理班级: 排球校队 (ID: 59)
[2026-06-29 12:21:42] [WARN]   ✗ 无学生数据
[2026-06-29 12:21:42] [INFO] [26/64] 处理班级: 排球社 (ID: 32)
[2026-06-29 12:21:43] [WARN]   ✗ 无学生数据
[2026-06-29 12:21:43] [INFO] [27/64] 处理班级: 摄影学会 (ID: 39)
[2026-06-29 12:21:44] [WARN]   ✗ 无学生数据
[2026-06-29 12:21:45] [INFO] [28/64] 处理班级: 数学学会 (ID: 15)
[2026-06-29 12:21:45] [WARN]   ✗ 无学生数据
[2026-06-29 12:21:46] [INFO] [29/64] 处理班级: 数学校队 (ID: 52)
[2026-06-29 12:21:46] [WARN]   ✗ 无学生数据
[2026-06-29 12:21:47] [INFO] [30/64] 处理班级: 柔道社 (ID: 37)
[2026-06-29 12:21:48] [WARN]   ✗ 无学生数据
[2026-06-29 12:21:48] [INFO] [31/64] 处理班级: 武术校队 (ID: 56)
[2026-06-29 12:21:49] [WARN]   ✗ 无学生数据
[2026-06-29 12:21:49] [INFO] [32/64] 处理班级: 民航飞行社 (ID: 45)
[2026-06-29 12:21:50] [WARN]   ✗ 无学生数据
[2026-06-29 12:21:50] [INFO] [33/64] 处理班级: 水球校队 (ID: 57)
[2026-06-29 12:21:51] [WARN]   ✗ 无学生数据
[2026-06-29 12:21:52] [INFO] [34/64] 处理班级: 游泳校队 (ID: 63)
[2026-06-29 12:21:52] [WARN]   ✗ 无学生数据
[2026-06-29 12:21:53] [INFO] [35/64] 处理班级: 游泳社 (ID: 36)
[2026-06-29 12:21:53] [WARN]   ✗ 无学生数据
[2026-06-29 12:21:54] [INFO] [36/64] 处理班级: 田径校队 (ID: 55)
[2026-06-29 12:21:55] [WARN]   ✗ 无学生数据
[2026-06-29 12:21:55] [INFO] [37/64] 处理班级: 田径社 (ID: 35)
[2026-06-29 12:21:56] [WARN]   ✗ 无学生数据
[2026-06-29 12:21:56] [INFO] [38/64] 处理班级: 电脑学会 (ID: 20)
[2026-06-29 12:21:57] [WARN]   ✗ 无学生数据
[2026-06-29 12:21:58] [INFO] [39/64] 处理班级: 礼仪社 (ID: 67)
[2026-06-29 12:21:58] [WARN]   ✗ 无学生数据
[2026-06-29 12:21:59] [INFO] [40/64] 处理班级: 社会服务团 (ID: 26)
[2026-06-29 12:21:59] [WARN]   ✗ 无学生数据
[2026-06-29 12:22:00] [INFO] [41/64] 处理班级: 科学学会 (ID: 16)
[2026-06-29 12:22:01] [WARN]   ✗ 无学生数据
[2026-06-29 12:22:01] [INFO] [42/64] 处理班级: 童军团 (ID: 1)
[2026-06-29 12:22:02] [WARN]   ✗ 无学生数据
[2026-06-29 12:22:02] [INFO] [43/64] 处理班级: 管乐团 (ID: 5)
[2026-06-29 12:22:03] [WARN]   ✗ 无学生数据
[2026-06-29 12:22:03] [INFO] [44/64] 处理班级: 篮球校队 (ID: 60)
[2026-06-29 12:22:04] [WARN]   ✗ 无学生数据
[2026-06-29 12:22:05] [INFO] [45/64] 处理班级: 篮球社 (ID: 29)
[2026-06-29 12:22:05] [WARN]   ✗ 无学生数据
[2026-06-29 12:22:06] [INFO] [46/64] 处理班级: 网球校队 (ID: 61)
[2026-06-29 12:22:06] [WARN]   ✗ 无学生数据
[2026-06-29 12:22:07] [INFO] [47/64] 处理班级: 网球社 (ID: 30)
[2026-06-29 12:22:08] [WARN]   ✗ 无学生数据
[2026-06-29 12:22:08] [INFO] [48/64] 处理班级: 美术学会 (ID: 19)
[2026-06-29 12:22:09] [WARN]   ✗ 无学生数据
[2026-06-29 12:22:09] [INFO] [49/64] 处理班级: 羽球校队 (ID: 54)
[2026-06-29 12:22:10] [WARN]   ✗ 无学生数据
[2026-06-29 12:22:10] [INFO] [50/64] 处理班级: 羽球社 (ID: 28)
[2026-06-29 12:22:11] [WARN]   ✗ 无学生数据
[2026-06-29 12:22:11] [INFO] [51/64] 处理班级: 联协会 (ID: 50)
[2026-06-29 12:22:12] [WARN]   ✗ 无学生数据
[2026-06-29 12:22:13] [INFO] [52/64] 处理班级: 联合国教科文组织 (ID: 22)
[2026-06-29 12:22:13] [WARN]   ✗ 无学生数据
[2026-06-29 12:22:14] [INFO] [53/64] 处理班级: 舞蹈学会 (ID: 7)
[2026-06-29 12:22:14] [WARN]   ✗ 无学生数据
[2026-06-29 12:22:15] [INFO] [54/64] 处理班级: 英文学会 (ID: 14)
[2026-06-29 12:22:16] [WARN]   ✗ 无学生数据
[2026-06-29 12:22:16] [INFO] [55/64] 处理班级: 英文辩论校队 (ID: 66)
[2026-06-29 12:22:17] [WARN]   ✗ 无学生数据
[2026-06-29 12:22:17] [INFO] [56/64] 处理班级: 街舞社 (ID: 43)
[2026-06-29 12:22:18] [WARN]   ✗ 无学生数据
[2026-06-29 12:22:18] [INFO] [57/64] 处理班级: 足球校队 (ID: 62)
[2026-06-29 12:22:19] [WARN]   ✗ 无学生数据
[2026-06-29 12:22:20] [INFO] [58/64] 处理班级: 足球社 (ID: 33)
[2026-06-29 12:22:20] [WARN]   ✗ 无学生数据
[2026-06-29 12:22:21] [INFO] [59/64] 处理班级: 跆拳道社 (ID: 38)
[2026-06-29 12:22:21] [WARN]   ✗ 无学生数据
[2026-06-29 12:22:22] [INFO] [60/64] 处理班级: 辅导团 (ID: 24)
[2026-06-29 12:22:23] [WARN]   ✗ 无学生数据
[2026-06-29 12:22:23] [INFO] [61/64] 处理班级: 辩论校队 (ID: 64)
[2026-06-29 12:22:24] [WARN]   ✗ 无学生数据
[2026-06-29 12:22:24] [INFO] [62/64] 处理班级: 辩论社 (ID: 23)
[2026-06-29 12:22:25] [WARN]   ✗ 无学生数据
[2026-06-29 12:22:25] [INFO] [63/64] 处理班级: 醒狮团 (ID: 10)
[2026-06-29 12:22:26] [WARN]   ✗ 无学生数据
[2026-06-29 12:22:27] [INFO] [64/64] 处理班级: 音乐学会 (ID: 6)
[2026-06-29 12:22:27] [WARN]   ✗ 无学生数据
[2026-06-29 12:22:28] [INFO] ======================================================================
[2026-06-29 12:22:28] [INFO] 批量获取完成
[2026-06-29 12:22:28] [INFO]   成功班级: 0/64
[2026-06-29 12:22:28] [INFO]   失败班级: 64
[2026-06-29 12:22:28] [INFO]   总学生数: 0
[2026-06-29 12:22:28] [INFO] ======================================================================
[2026-06-29 12:22:28] [ERROR] ERROR: 未获取到任何学生数据
