[2026-06-29 10:16:08] [INFO] 尝试连接 局域网 (192.168.0.6)...
[2026-06-29 10:16:08] [INFO] ✓ 成功连接到 局域网 (192.168.0.6)
[2026-06-29 10:16:08] [INFO] 正在登入...
[2026-06-29 10:16:08] [INFO]   URL: http://192.168.0.6/sms/index.php
[2026-06-29 10:16:08] [INFO]   用户名: schhs334
[2026-06-29 10:16:08] [INFO]   1️⃣  获取登入页面...
[2026-06-29 10:16:08] [INFO]   ✓ 页面已获取
[2026-06-29 10:16:08] [INFO]   2️⃣  提交登入凭证...
[2026-06-29 10:16:08] [INFO] ✓ 登入成功！
[2026-06-29 10:16:08] [INFO]   当前 URL: http://192.168.0.6/sms/index.php?r=site/index
[2026-06-29 10:16:09] [INFO] ======================================================================
[2026-06-29 10:16:09] [INFO] 开始下载全校学生资料
[2026-06-29 10:16:09] [INFO] 使用网络: 局域网 (192.168.0.6)
[2026-06-29 10:16:09] [INFO] ======================================================================
[2026-06-29 10:16:09] [INFO] 从 select 元素获取班级列表...
[2026-06-29 10:16:09] [INFO]   访问页面: http://192.168.0.6/sms/index.php?r=transaction/studentPerformance/create
[2026-06-29 10:16:09] [INFO]   找到 3 个 select 元素
[2026-06-29 10:16:09] [INFO]   ✓ 在第 1 个 select 中找到 2439 个班级
[2026-06-29 10:16:09] [INFO] ✓ 共找到 2439 个班级
[2026-06-29 10:16:09] [INFO]     22: PE CMO69 - 比赛 - 2018年学联足球县赛
[2026-06-29 10:16:09] [INFO]     23: ACA CMO5 - 比赛-“光启杯”华文诗歌朗诵比赛
[2026-06-29 10:16:09] [INFO]     24: CCD PO2 - 表演-CNY Event AEON MALL S2
[2026-06-29 10:16:09] [INFO]     25: CCD PO3 - 表演-年初五董事家新春团拜
[2026-06-29 10:16:09] [INFO]     26: CCD PO4 - 表演-Jementah灯会
[2026-06-29 10:16:09] [INFO]     ... 等共 2439 个班级
[2026-06-29 10:16:09] [INFO] [1/2439] 正在下载班级...
[2026-06-29 10:16:10] [WARN]   响应不是 JSON 格式，尝试解析 HTML...
[2026-06-29 10:16:10] [INFO]   班级 PE CMO69 - 比赛 - 2018年学联足球县赛 (22): 从 HTML 找到 1000 个学生
[2026-06-29 10:16:10] [INFO] [2/2439] 正在下载班级...
[2026-06-29 10:16:11] [WARN]   响应不是 JSON 格式，尝试解析 HTML...
[2026-06-29 10:16:11] [INFO]   班级 ACA CMO5 - 比赛-“光启杯”华文诗歌朗诵比赛 (23): 从 HTML 找到 1000 个学生
[2026-06-29 10:16:12] [INFO] [3/2439] 正在下载班级...
[2026-06-29 10:16:12] [WARN]   响应不是 JSON 格式，尝试解析 HTML...
[2026-06-29 10:16:12] [INFO]   班级 CCD PO2 - 表演-CNY Event AEON MALL S2 (24): 从 HTML 找到 1000 个学生
[2026-06-29 10:16:13] [INFO] [4/2439] 正在下载班级...
[2026-06-29 10:16:13] [WARN]   响应不是 JSON 格式，尝试解析 HTML...
[2026-06-29 10:16:14] [INFO]   班级 CCD PO3 - 表演-年初五董事家新春团拜 (25): 从 HTML 找到 1000 个学生
[2026-06-29 10:16:14] [INFO] [5/2439] 正在下载班级...
[2026-06-29 10:16:14] [WARN]   响应不是 JSON 格式，尝试解析 HTML...
[2026-06-29 10:16:15] [INFO]   班级 CCD PO4 - 表演-Jementah灯会 (26): 从 HTML 找到 1000 个学生
[2026-06-29 10:16:15] [INFO] [6/2439] 正在下载班级...
[2026-06-29 10:16:16] [WARN]   响应不是 JSON 格式，尝试解析 HTML...
[2026-06-29 10:16:16] [INFO]   班级 CCD PO5 - 表演-新春活动“祥狮献瑞迎丰年” (27): 从 HTML 找到 1000 个学生
[2026-06-29 10:16:16] [INFO] [7/2439] 正在下载班级...
[2026-06-29 10:16:17] [WARN]   响应不是 JSON 格式，尝试解析 HTML...
[2026-06-29 10:16:17] [INFO]   班级 CCD PO6 - 表演-Majlis Terbuka Semperna Tahun Baru Cina 2020 (28): 从 HTML 找到 1000 个学生
[2026-06-29 10:16:18] [INFO] [8/2439] 正在下载班级...
[2026-06-29 10:16:18] [WARN]   响应不是 JSON 格式，尝试解析 HTML...
[2026-06-29 10:16:18] [INFO]   班级 CCD PO7 - 表演-庚子年新春大团拜 (29): 从 HTML 找到 1000 个学生
[2026-06-29 10:16:19] [INFO] [9/2439] 正在下载班级...
[2026-06-29 10:16:19] [WARN]   响应不是 JSON 格式，尝试解析 HTML...
[2026-06-29 10:16:19] [INFO]   班级 CCD CMO1 - 比赛-第二届东海杯华语辩论邀请赛 (30): 从 HTML 找到 1000 个学生
[2026-06-29 10:16:20] [INFO] [10/2439] 正在下载班级...
[2026-06-29 10:16:20] [WARN]   响应不是 JSON 格式，尝试解析 HTML...
[2026-06-29 10:16:20] [INFO]   班级 CCD CMO94 - 比赛-2021本土文化摄影比赛 (31): 从 HTML 找到 1000 个学生
[2026-06-29 10:16:21] [INFO] [11/2439] 正在下载班级...
[2026-06-29 10:16:21] [WARN]   响应不是 JSON 格式，尝试解析 HTML...
[2026-06-29 10:16:22] [INFO]   班级 CCD EAO1 - 考试-2020年童军徽章考核 (32): 从 HTML 找到 1000 个学生
[2026-06-29 10:16:22] [INFO] [12/2439] 正在下载班级...
[2026-06-29 10:16:23] [WARN]   响应不是 JSON 格式，尝试解析 HTML...
[2026-06-29 10:16:23] [INFO]   班级 CCD EAO2 - 培训-Bengkel Latihan Pertandingan Pertolongan Cemas (33): 从 HTML 找到 1000 个学生
