[2026-06-29 12:15:33] [INFO] 尝试自动选择网络接口...
[2026-06-29 12:15:33] [INFO]   尝试 intranet...
[2026-06-29 12:15:33] [INFO]   ✓ 成功连接到 intranet: http://192.168.0.6/sms/index.php
[2026-06-29 12:15:33] [INFO] 开始登入...
[2026-06-29 12:15:33] [INFO]   用户: schhs334
[2026-06-29 12:15:33] [INFO] 1️⃣  获取登入页面...
[2026-06-29 12:15:33] [INFO] ✓ 页面已获取
[2026-06-29 12:15:33] [INFO] 2️⃣  提交登入凭证...
[2026-06-29 12:15:33] [INFO] ✓ 登入成功
[2026-06-29 12:15:33] [INFO]   当前 URL: http://192.168.0.6/sms/index.php?r=site/index
[2026-06-29 12:15:33] [INFO] 3️⃣  从 option 提取班级列表...
[2026-06-29 12:15:33] [INFO] ✓ 从 option 提取了 2439 个班级
[2026-06-29 12:15:33] [INFO]     22: PE CMO69 - 比赛 - 2018年学联足球县赛
[2026-06-29 12:15:33] [INFO]     23: ACA CMO5 - 比赛-“光启杯”华文诗歌朗诵比赛
[2026-06-29 12:15:33] [INFO]     24: CCD PO2 - 表演-CNY Event AEON MALL S2
[2026-06-29 12:15:33] [INFO]     25: CCD PO3 - 表演-年初五董事家新春团拜
[2026-06-29 12:15:33] [INFO]     26: CCD PO4 - 表演-Jementah灯会
[2026-06-29 12:15:33] [INFO]     ... 等共 2439 个班级
[2026-06-29 12:15:33] [INFO] ✓ 班级列表已获取 (2439 个班级)
[2026-06-29 12:15:33] [INFO] ======================================================================
[2026-06-29 12:15:33] [INFO] 开始批量获取所有班级的学生名单
[2026-06-29 12:15:33] [INFO] ======================================================================
[2026-06-29 12:15:33] [INFO] [1/2439] 处理班级: PE CMO69 - 比赛 - 2018年学联足球县赛 (ID: 22)
[2026-06-29 12:15:34] [WARN]   ✗ 无学生数据
[2026-06-29 12:15:34] [INFO] [2/2439] 处理班级: ACA CMO5 - 比赛-“光启杯”华文诗歌朗诵比赛 (ID: 23)
[2026-06-29 12:15:35] [WARN]   ✗ 无学生数据
[2026-06-29 12:15:36] [INFO] [3/2439] 处理班级: CCD PO2 - 表演-CNY Event AEON MALL S2 (ID: 24)
[2026-06-29 12:15:36] [WARN]   ✗ 无学生数据
[2026-06-29 12:15:37] [INFO] [4/2439] 处理班级: CCD PO3 - 表演-年初五董事家新春团拜 (ID: 25)
[2026-06-29 12:15:37] [WARN]   ✗ 无学生数据
[2026-06-29 12:15:38] [INFO] [5/2439] 处理班级: CCD PO4 - 表演-Jementah灯会 (ID: 26)
[2026-06-29 12:15:39] [WARN]   ✗ 无学生数据
[2026-06-29 12:15:39] [INFO] [6/2439] 处理班级: CCD PO5 - 表演-新春活动“祥狮献瑞迎丰年” (ID: 27)
[2026-06-29 12:15:40] [WARN]   ✗ 无学生数据
[2026-06-29 12:15:40] [INFO] [7/2439] 处理班级: CCD PO6 - 表演-Majlis Terbuka Semperna Tahun Baru Cina 2020 (ID: 28)
[2026-06-29 12:15:41] [WARN]   ✗ 无学生数据
[2026-06-29 12:15:41] [INFO] [8/2439] 处理班级: CCD PO7 - 表演-庚子年新春大团拜 (ID: 29)
[2026-06-29 12:15:42] [WARN]   ✗ 无学生数据
[2026-06-29 12:15:43] [INFO] [9/2439] 处理班级: CCD CMO1 - 比赛-第二届东海杯华语辩论邀请赛 (ID: 30)
[2026-06-29 12:15:43] [WARN]   ✗ 无学生数据
[2026-06-29 12:15:44] [INFO] [10/2439] 处理班级: CCD CMO94 - 比赛-2021本土文化摄影比赛 (ID: 31)
[2026-06-29 12:15:44] [WARN]   ✗ 无学生数据
[2026-06-29 12:15:45] [INFO] [11/2439] 处理班级: CCD EAO1 - 考试-2020年童军徽章考核 (ID: 32)
[2026-06-29 12:15:46] [WARN]   ✗ 无学生数据
[2026-06-29 12:15:46] [INFO] [12/2439] 处理班级: CCD EAO2 - 培训-Bengkel Latihan Pertandingan Pertolongan Cemas (ID: 33)
[2026-06-29 12:15:47] [WARN]   ✗ 无学生数据
[2026-06-29 12:15:47] [INFO] [13/2439] 处理班级: CCD EAO3 - 考试-2020年柔道社升带考试 (ID: 34)
[2026-06-29 12:15:48] [WARN]   ✗ 无学生数据
[2026-06-29 12:15:48] [INFO] [14/2439] 处理班级: CCD CMO3 - 比赛-第九届全国华族舞蹈公开赛 (ID: 35)
[2026-06-29 12:15:49] [WARN]   ✗ 无学生数据
[2026-06-29 12:15:49] [INFO] [15/2439] 处理班级: CCD CMO28 - 比赛-第30届全国华人舞蹈节暨第19届全国华校校际舞蹈观摩赛 (ID: 36)
[2026-06-29 12:15:50] [WARN]   ✗ 无学生数据
[2026-06-29 12:15:51] [INFO] [16/2439] 处理班级: PE CMO45 - 比赛-2018年学联乒乓（县赛） (ID: 37)
[2026-06-29 12:15:51] [WARN]   ✗ 无学生数据
[2026-06-29 12:15:52] [INFO] [17/2439] 处理班级: PE CMO53 - 比赛-Kejohanan Wushu 'Cari Bakat' Sekolah-Sekolah N.S. Kali Ke-7, 2018 (ID: 38)
[2026-06-29 12:15:52] [WARN]   ✗ 无学生数据
[2026-06-29 12:15:53] [INFO] [18/2439] 处理班级: CCD CMO5 - 比赛-汪旺年《海陆文化杯》挥春比赛 (ID: 39)
[2026-06-29 12:15:54] [WARN]   ✗ 无学生数据
[2026-06-29 12:15:54] [INFO] [19/2439] 处理班级: CCD CMO6 - 比赛-森州武术龙狮总会2018年拿督黄国强杯传统南狮赛 (ID: 40)
[2026-06-29 12:15:55] [WARN]   ✗ 无学生数据
[2026-06-29 12:15:55] [INFO] [20/2439] 处理班级: CCD CMO30 - 比赛-WER 2018 Malaysia Open (ID: 41)
[2026-06-29 12:15:56] [WARN]   ✗ 无学生数据
[2026-06-29 12:15:56] [INFO] [21/2439] 处理班级: CCD CMO7 - 比赛-2018年廿四节令鼓区域精英赛（森柔甲） (ID: 42)
[2026-06-29 12:15:57] [WARN]   ✗ 无学生数据
[2026-06-29 12:15:58] [INFO] [22/2439] 处理班级: CCD CMO31 - 比赛-2018年第5届马来西亚廿四节令鼓精英赛 (ID: 43)
[2026-06-29 12:15:58] [WARN]   ✗ 无学生数据
[2026-06-29 12:15:59] [INFO] [23/2439] 处理班级: PE CMO52 - 比赛-Mini Kejohanan Bola Tampar Putrajaya 2018 (ID: 44)
[2026-06-29 12:15:59] [WARN]   ✗ 无学生数据
[2026-06-29 12:16:00] [INFO] [24/2439] 处理班级: CCD CMO9 - 第五十六届振中男女童军营火会 (ID: 45)
[2026-06-29 12:16:01] [WARN]   ✗ 无学生数据
[2026-06-29 12:16:01] [INFO] [25/2439] 处理班级: CCD CMO10 - 比赛-2018年第8届教育部全国学联武术锦标赛 (ID: 46)
[2026-06-29 12:16:02] [WARN]   ✗ 无学生数据
[2026-06-29 12:16:02] [INFO] [26/2439] 处理班级: CCD CMO11 - 比赛-2018年第3届全国华文独中中华民族舞蹈观摩赛 (ID: 47)
[2026-06-29 12:16:03] [WARN]   ✗ 无学生数据
[2026-06-29 12:16:03] [INFO] [27/2439] 处理班级: PE CMO59 - 比赛-第12届2018年全国华文独中田径锦标赛 (ID: 48)
[2026-06-29 12:16:04] [WARN]   ✗ 无学生数据
[2026-06-29 12:16:04] [INFO] [28/2439] 处理班级: PE CMO63 - 比赛-2018年度全森15岁或以下青少年男女篮球选拔赛 (ID: 49)
[2026-06-29 12:16:05] [WARN]   ✗ 无学生数据
[2026-06-29 12:16:06] [INFO] [29/2439] 处理班级: CCD CMO34 - 比赛-2018 福州中学生象棋锦标赛 (ID: 50)
[2026-06-29 12:16:06] [WARN]   ✗ 无学生数据
[2026-06-29 12:16:07] [INFO] [30/2439] 处理班级: PE CMO54 - 比赛-2018年第13届全森校际武术锦标赛暨少儿武术比赛 (ID: 51)
[2026-06-29 12:16:07] [WARN]   ✗ 无学生数据
[2026-06-29 12:16:08] [INFO] [31/2439] 处理班级: CCD CMO36 - 空白 (ID: 52)
[2026-06-29 12:16:09] [WARN]   ✗ 无学生数据
[2026-06-29 12:16:09] [INFO] [32/2439] 处理班级: PE CMO68 - 比赛-AirAsia-BAM Kejohanan Liga Remaja Kebangsaan (Peringkat Negeri)2018 - Badminton (ID: 53)
[2026-06-29 12:16:10] [WARN]   ✗ 无学生数据
[2026-06-29 12:16:10] [INFO] [33/2439] 处理班级: PE CMO51 - 比赛-2018年学联排球（州赛） (ID: 54)
[2026-06-29 12:16:11] [WARN]   ✗ 无学生数据
[2026-06-29 12:16:11] [INFO] [34/2439] 处理班级: CCD CMO39 - 比赛-2018年芙蓉分会男女18岁以下篮球选拔赛 (ID: 55)
[2026-06-29 12:16:12] [WARN]   ✗ 无学生数据
[2026-06-29 12:16:13] [INFO] [35/2439] 处理班级: CCD CMO12 - 比赛-马来西亚（亚洲）“崇YOUNG”戏剧比赛 (ID: 56)
[2026-06-29 12:16:13] [WARN]   ✗ 无学生数据
[2026-06-29 12:16:14] [INFO] [36/2439] 处理班级: PE CMO65 - 比赛-2018年森美兰芙蓉县U17以下篮球选拔赛 (ID: 57)
[2026-06-29 12:16:14] [WARN]   ✗ 无学生数据
[2026-06-29 12:16:15] [INFO] [37/2439] 处理班级: PE CMO55 - 比赛-2018年学联游泳&水球州赛 (ID: 58)
[2026-06-29 12:16:16] [WARN]   ✗ 无学生数据
[2026-06-29 12:16:16] [INFO] [38/2439] 处理班级: PE CMO66 - 比赛-2018年学联羽球县赛 (ID: 59)
[2026-06-29 12:16:17] [WARN]   ✗ 无学生数据
[2026-06-29 12:16:17] [INFO] [39/2439] 处理班级: PE CMO60 - 比赛-2018年学联篮球县赛 (ID: 60)
[2026-06-29 12:16:18] [WARN]   ✗ 无学生数据
[2026-06-29 12:16:18] [INFO] [40/2439] 处理班级: PE CMO61 - 比赛-2018年学联篮球州赛 (ID: 61)
[2026-06-29 12:16:19] [WARN]   ✗ 无学生数据
[2026-06-29 12:16:19] [INFO] [41/2439] 处理班级: PE CMO48 - 比赛-2018年学联壁球（州赛） (ID: 62)
[2026-06-29 12:16:20] [WARN]   ✗ 无学生数据
[2026-06-29 12:16:21] [INFO] [42/2439] 处理班级: PE CMO67 - 比赛-2018年学联羽球州赛 (ID: 63)
[2026-06-29 12:16:21] [WARN]   ✗ 无学生数据
