✓ 连接到 intranet: http://192.168.0.6/sms/index.php
正在登入...
✓ 登入成功

第1步：从网站提取班级列表...
  页面中共有 3 个 SELECT 元素
    - name='StudentPerformanceM[item_id]', id='StudentPerformanceM_item_id': 2440 个 option
    - name='class_id', id='class_id': 71 个 option
      ✓ 这是班级 SELECT
✓ 从 SELECT 中提取了 71 个班级
  班级列表: ['701', '693', '696', '700', '704', '695', '699', '703', '694', '697']...

第2步：逐一获取每个班级的学生...
  [ 1] 初一忠 (J1A): 1000 条
  [ 2] 初一孝 (J1B): 1000 条
  [ 3] 初一仁 (J1C): 1000 条
  [ 4] 初一爱 (J1D): 1000 条
  [ 5] 初一信 (J1E): 1000 条
  [ 6] 初一义 (J1F): 1000 条
  [ 7] 初一和 (J1G): 1000 条
  [ 8] 初一平 (J1H): 1000 条
  [ 9] 初一勤 (J1I): 1000 条
  [10] J1_离校: 1000 条
  [11] J1_STAR: 1000 条
  [12] 初二忠 (J2A): 1000 条
  [13] 初二孝 (J2B): 1000 条
  [14] 初二仁 (J2C): 1000 条
  [15] 初二爱 (J2D): 1000 条
  [16] 初二信 (J2E): 1000 条
  [17] 初二义 (J2F): 1000 条
  [18] 初二和 (J2G): 1000 条
  [19] 初二平 (J2H): 1000 条
  [20] 初二勤 (J2I): 1000 条
  [21] 初二勉 (J2J): 1000 条
  [22] 初二诚（J2K）: 1000 条
  [23] 初二德（J2L）: 1000 条
  [24] J2_离校: 1000 条
  [25] J2_STAR: 1000 条
  [26] 初三忠 (J3A): 1000 条
  [27] 初三孝 (J3B): 1000 条
  [28] 初三仁 (J3C): 1000 条
  [29] 初三爱 (J3D): 1000 条
  [30] 初三信 (J3E): 1000 条
  [31] 初三义 (J3F): 1000 条
  [32] 初三和 (J3G): 1000 条
  [33] 初三平 (J3H): 1000 条
  [34] 初三勤 (J3I): 1000 条
  [35] 初三勉 (J3J): 1000 条
  [36] J3_离校: 1000 条
  [37] J3_STAR: 1000 条
  [38] 高一爱 (AC1A): 1000 条
  [39] 高一信 (C1A): 1000 条
  [40] 高一义 (C1B): 1000 条
  [41] 高一和 (C1C): 1000 条
  [42] 高一平 (C1D): 1000 条
  [43] 高一诚 (C1E): 1000 条
  [44] 高一德 (C1F): 1000 条
  [45] 高一忠 (S1A): 1000 条
  [46] 高一孝 (S1B): 1000 条
  [47] S1_离校: 1000 条
  [48] S1_STAR: 1000 条
  [49] 高一勤 (U1A): 1000 条
  [50] 高二爱 (AC2A): 1000 条
  [51] 高二信 (C2A): 1000 条
  [52] 高二义 (C2B): 1000 条
  [53] 高二和 (C2C): 1000 条
  [54] 高二平 (C2D): 1000 条
  [55] 高二诚 (C2E): 1000 条
  [56] 高二忠 (S2A): 1000 条
  [57] 高二孝 (S2B): 1000 条
  [58] S2_离校: 1000 条
  [59] S2_STAR: 1000 条
  [60] 高二勤 (U2A): 1000 条
  [61] 高三勤 (A3A): 1000 条
  [62] 高三爱 (C3A): 1000 条
  [63] 高三信 (C3B): 1000 条
  [64] 高三义 (C3C): 1000 条
  [65] 高三和 (C3D): 1000 条
  [66] 高三平 (C3E): 1000 条
  [67] 高三诚 (C3F): 1000 条
  [68] 高三忠 (S3A): 1000 条
  [69] 高三孝 (S3B): 1000 条
  [70] S3_离校: 1000 条
  [71] S3_STAR: 1000 条

✓ 总共获取 71000 条学生记录

第3步：去重处理...
  原始记录: 71000
  去重后: 1000
  删除重复: 70000 (98.6%)

第4步：保存数据...
✓ 保存 JSON: C:\chhsban-acadoc\download_student\students_final_20260629_124856.json (0.27 MB)
