✓ 连接到 intranet: http://192.168.0.6/sms/index.php
正在登入...
✓ 登入成功

第1步：从网站提取班级列表...
  页面中共有 3 个 SELECT 元素
    - name='StudentPerformanceM[item_id]', id='StudentPerformanceM_item_id': 2440 个 option
    - name='class_id', id='class_id': 71 个 option
      ✓ 这是班级 SELECT
✓ 从 SELECT 中提取了 71 个班级
  班级列表: ['701', '693', '696', '700', '704', '695', '699', '703', '694', '697']...

第2步：逐一获取每个班级的学生...
  [ 1] 初一忠 (J1A): 2893 条
  [ 2] 初一孝 (J1B): 2893 条
  [ 3] 初一仁 (J1C): 2893 条
  [ 4] 初一爱 (J1D): 2893 条
  [ 5] 初一信 (J1E): 2893 条
  [ 6] 初一义 (J1F): 2893 条
  [ 7] 初一和 (J1G): 2893 条
  [ 8] 初一平 (J1H): 2893 条
  [ 9] 初一勤 (J1I): 2893 条
  [10] J1_离校: 2893 条
  [11] J1_STAR: 2893 条
  [12] 初二忠 (J2A): 2893 条
  [13] 初二孝 (J2B): 2893 条
  [14] 初二仁 (J2C): 2893 条
  [15] 初二爱 (J2D): 2893 条
  [16] 初二信 (J2E): 2893 条
  [17] 初二义 (J2F): 2893 条
  [18] 初二和 (J2G): 2893 条
  [19] 初二平 (J2H): 2893 条
  [20] 初二勤 (J2I): 2893 条
  [21] 初二勉 (J2J): 2893 条
  [22] 初二诚（J2K）: 2893 条
  [23] 初二德（J2L）: 2893 条
  [24] J2_离校: 2893 条
  [25] J2_STAR: 2893 条
  [26] 初三忠 (J3A): 2893 条
  [27] 初三孝 (J3B): 2893 条
  [28] 初三仁 (J3C): 2893 条
  [29] 初三爱 (J3D): 2893 条
  [30] 初三信 (J3E): 2893 条
  [31] 初三义 (J3F): 2893 条
  [32] 初三和 (J3G): 2893 条
  [33] 初三平 (J3H): 2893 条
  [34] 初三勤 (J3I): 2893 条
  [35] 初三勉 (J3J): 2893 条
  [36] J3_离校: 2893 条
  [37] J3_STAR: 2893 条
  [38] 高一爱 (AC1A): 2893 条
  [39] 高一信 (C1A): 2893 条
  [40] 高一义 (C1B): 2893 条
  [41] 高一和 (C1C): 2893 条
  [42] 高一平 (C1D): 2893 条
  [43] 高一诚 (C1E): 2893 条
  [44] 高一德 (C1F): 2893 条
  [45] 高一忠 (S1A): 2893 条
  [46] 高一孝 (S1B): 2893 条
  [47] S1_离校: 2893 条
  [48] S1_STAR: 2893 条
  [49] 高一勤 (U1A): 2893 条
  [50] 高二爱 (AC2A): 2893 条
  [51] 高二信 (C2A): 2893 条
  [52] 高二义 (C2B): 2893 条
  [53] 高二和 (C2C): 2893 条
  [54] 高二平 (C2D): 2893 条
  [55] 高二诚 (C2E): 2893 条
  [56] 高二忠 (S2A): 2893 条
  [57] 高二孝 (S2B): 2893 条
  [58] S2_离校: 2893 条
  [59] S2_STAR: 2893 条
  [60] 高二勤 (U2A): 2893 条
  [61] 高三勤 (A3A): 2893 条
  [62] 高三爱 (C3A): 2893 条
  [63] 高三信 (C3B): 2893 条
  [64] 高三义 (C3C): 2893 条
  [65] 高三和 (C3D): 2893 条
  [66] 高三平 (C3E): 2893 条
  [67] 高三诚 (C3F): 2893 条
  [68] 高三忠 (S3A): 2893 条
  [69] 高三孝 (S3B): 2893 条
  [70] S3_离校: 2893 条
  [71] S3_STAR: 2893 条

✓ 总共获取 205403 条学生记录

第3步：去重处理...
  原始记录: 205403
  去重后: 2893
  删除重复: 202510 (98.6%)

第4步：保存数据...
✓ 保存 JSON: C:\chhsban-acadoc\download_student\students_final_20260629_125418.json (0.78 MB)
✓ 保存 CSV: C:\chhsban-acadoc\download_student\students_final_20260629_125418.csv

✓ 班级统计（共 67 个班级）:
  A3A                 :  10 名学生
  AC1A                :  53 名学生
  AC2A                :  50 名学生
  C1A                 :  49 名学生
  C1B                 :  49 名学生
  C1C                 :  47 名学生
  C1D                 :  47 名学生
  C1E                 :  47 名学生
  C1F                 :  46 名学生
  C2A                 :  53 名学生
  C2B                 :  51 名学生
  C2C                 :  49 名学生
  C2D                 :  48 名学生
  C2E                 :  48 名学生
  C3A                 :  53 名学生
  C3B                 :  52 名学生
  C3C                 :  45 名学生
  C3D                 :  45 名学生
  C3E                 :  45 名学生
  C3F                 :  45 名学生
  J1A                 :  55 名学生
  J1B                 :  56 名学生
  J1C                 :  55 名学生
  J1D                 :  54 名学生
  J1E                 :  56 名学生
  J1F                 :  54 名学生
  J1G                 :  54 名学生
  J1H                 :  53 名学生
  J1I                 :  54 名学生
  J1_STAR             :   1 名学生
  J2A                 :  54 名学生
  J2B                 :  54 名学生
  J2C                 :  55 名学生
  J2D                 :  54 名学生
  J2E                 :  53 名学生
  J2F                 :  53 名学生
  J2G                 :  52 名学生
  J2H                 :  53 名学生
  J2I                 :  52 名学生
  J2J                 :  54 名学生
  J2K-UEC             :  24 名学生
  J2L-UEC             :  26 名学生
  J2_LEAVE            :   2 名学生
  J2_STAR             :  17 名学生
  J3A                 :  52 名学生
  J3B                 :  52 名学生
  J3C                 :  52 名学生
  J3D                 :  51 名学生
  J3E                 :  44 名学生
  J3F                 :  43 名学生
  J3G                 :  45 名学生
  J3H                 :  44 名学生
  J3I                 :  44 名学生
  J3J-UEC             :  34 名学生
  J3_STAR             :   6 名学生
  S1A                 :  44 名学生
  S1B                 :  47 名学生
  S1_LEAVE            :   2 名学生
  S1_STAR             :   6 名学生
  S2A                 :  47 名学生
  S2B                 :  51 名学生
  S2_STAR             :   2 名学生
  S3A                 :  42 名学生
  S3B                 :  41 名学生
  S3_STAR             :  54 名学生
  U1A-UEC             :  31 名学生
  U2A-UEC             :  32 名学生

✅ 处理完成！
